
INFO:__main__:Created Employee: John Smith John.Smith@email.com
INFO:__main__:Created Employee: Corey Schafer Corey.Schafer@email.com
INFO:__main__:Created Employee: Jane Doe Jane.Doe@email.com
INFO:EmployeeForLogging:Created Employee: John Smith John.Smith@email.com
INFO:EmployeeForLogging:Created Employee: Corey Schafer Corey.Schafer@email.com
INFO:EmployeeForLogging:Created Employee: Jane Doe Jane.Doe@email.com
INFO:EmployeeForLogging:Created Employee: John Smith John.Smith@email.com
INFO:EmployeeForLogging:Created Employee: Corey Schafer Corey.Schafer@email.com
INFO:EmployeeForLogging:Created Employee: Jane Doe Jane.Doe@email.com
INFO:EmployeeForLogging:Created Employee: John Smith John.Smith@email.com
INFO:EmployeeForLogging:Created Employee: Corey Schafer Corey.Schafer@email.com
INFO:EmployeeForLogging:Created Employee: Jane Doe Jane.Doe@email.com
INFO:EmployeeForLogging:Created Employee: John Smith John.Smith@email.com
INFO:EmployeeForLogging:Created Employee: Corey Schafer Corey.Schafer@email.com
INFO:EmployeeForLogging:Created Employee: Jane Doe Jane.Doe@email.com
INFO:EmployeeForLogging:Created Employee: John Smith John.Smith@email.com
INFO:EmployeeForLogging:Created Employee: Corey Schafer Corey.Schafer@email.com
INFO:EmployeeForLogging:Created Employee: Jane Doe Jane.Doe@email.com
INFO:EmployeeForLogging:Created Employee: John Smith John.Smith@email.com
INFO:EmployeeForLogging:Created Employee: Corey Schafer Corey.Schafer@email.com
INFO:EmployeeForLogging:Created Employee: Jane Doe Jane.Doe@email.com
INFO:EmployeeForLogging:Created Employee: John Smith John.Smith@email.com
INFO:EmployeeForLogging:Created Employee: Corey Schafer Corey.Schafer@email.com
INFO:EmployeeForLogging:Created Employee: Jane Doe Jane.Doe@email.com
INFO:EmployeeForLogging:Created Employee: John Smith John.Smith@email.com
INFO:EmployeeForLogging:Created Employee: Corey Schafer Corey.Schafer@email.com
INFO:EmployeeForLogging:Created Employee: Jane Doe Jane.Doe@email.com
INFO:EmployeeForLogging:Created Employee: John Smith John.Smith@email.com
INFO:EmployeeForLogging:Created Employee: Corey Schafer Corey.Schafer@email.com
INFO:EmployeeForLogging:Created Employee: Jane Doe Jane.Doe@email.com
INFO:__main__:Created Employee: John Smith John.Smith@email.com
INFO:__main__:Created Employee: Corey Schafer Corey.Schafer@email.com
INFO:__main__:Created Employee: Jane Doe Jane.Doe@email.com
